{"D:\\ACCT\\Programa de estágio\\treinamento\\ACCT-Treinamento\\estagioMod11\\react-app-template-master\\react\\Greeting.tsx": {"path":"D:\\ACCT\\Programa de estágio\\treinamento\\ACCT-Treinamento\\estagioMod11\\react-app-template-master\\react\\Greeting.tsx","statementMap":{"0":{"start":{"line":8,"column":2},"end":{"line":8,"column":31}}},"fnMap":{"0":{"name":"Greeting","decl":{"start":{"line":7,"column":9},"end":{"line":7,"column":17}},"loc":{"start":{"line":7,"column":35},"end":{"line":9,"column":1}},"line":7}},"branchMap":{},"s":{"0":1},"f":{"0":1},"b":{},"_coverageSchema":"1a1c01bbd47fc00a2c39e90264f33305004495a9","hash":"c07adbc7d6bd5decace981c49787041e5f74cba6"}
}
